<?xml version="1.0" encoding="UTF-8"?>
<testng-results ignored="0" total="2" passed="2" failed="0" skipped="0">
  <reporter-output>
  </reporter-output>
  <suite started-at="2025-10-30T18:11:55 IST" name="Default suite" finished-at="2025-10-30T18:12:20 IST" duration-ms="25432">
    <groups>
    </groups>
    <test started-at="2025-10-30T18:11:55 IST" name="Default test" finished-at="2025-10-30T18:12:20 IST" duration-ms="25432">
      <class name="com.Merino.Grande_Collection">
        <test-method is-config="true" signature="OpenBrowser()[pri:0, instance:com.Merino.Grande_Collection@1c7696c6]" started-at="2025-10-30T18:11:55 IST" name="OpenBrowser" finished-at="2025-10-30T18:12:07 IST" duration-ms="12481" status="PASS">
          <reporter-output>
          </reporter-output>
        </test-method> <!-- OpenBrowser -->
        <test-method signature="TC_01_PageTitle()[pri:0, instance:com.Merino.Grande_Collection@1c7696c6]" started-at="2025-10-30T18:12:07 IST" name="TC_01_PageTitle" finished-at="2025-10-30T18:12:07 IST" duration-ms="49" status="PASS">
          <reporter-output>
          </reporter-output>
        </test-method> <!-- TC_01_PageTitle -->
        <test-method signature="TC_02_FormValidation()[pri:0, instance:com.Merino.Grande_Collection@1c7696c6]" started-at="2025-10-30T18:12:07 IST" name="TC_02_FormValidation" finished-at="2025-10-30T18:12:20 IST" duration-ms="12309" status="PASS">
          <reporter-output>
          </reporter-output>
        </test-method> <!-- TC_02_FormValidation -->
        <test-method is-config="true" signature="TearDown()[pri:0, instance:com.Merino.Grande_Collection@1c7696c6]" started-at="2025-10-30T18:12:20 IST" name="TearDown" finished-at="2025-10-30T18:12:20 IST" duration-ms="463" status="PASS">
          <reporter-output>
          </reporter-output>
        </test-method> <!-- TearDown -->
      </class> <!-- com.Merino.Grande_Collection -->
    </test> <!-- Default test -->
  </suite> <!-- Default suite -->
</testng-results>
