<?xml version="1.0" encoding="UTF-8"?>
<!-- Generated by org.testng.reporters.JUnitReportReporter -->
<testsuite hostname="DESKTOP-LL1B83L" failures="0" tests="2" name="com.Merino.Grande_Collection" time="12.358" errors="0" timestamp="2025-10-30T18:12:20 IST" skipped="0">
  <testcase classname="com.Merino.Grande_Collection" name="TC_02_FormValidation" time="12.309"/>
  <system-out/>
  <testcase classname="com.Merino.Grande_Collection" name="TC_01_PageTitle" time="0.049"/>
  <system-out/>
</testsuite> <!-- com.Merino.Grande_Collection -->
